<?xml version="1.0" encoding="UTF-8"?>
<testng-results ignored="0" total="1" passed="1" failed="0" skipped="0">
  <reporter-output>
  </reporter-output>
  <suite started-at="2021-03-20T22:29:10 IST" name="Default suite" finished-at="2021-03-20T22:29:44 IST" duration-ms="33960">
    <groups>
    </groups>
    <test started-at="2021-03-20T22:29:10 IST" name="Default test" finished-at="2021-03-20T22:29:44 IST" duration-ms="33960">
      <class name="com.tests.serachproduct.SearchProductTests">
        <test-method is-config="true" signature="startup()[pri:0, instance:com.tests.serachproduct.SearchProductTests@6ac13091]" started-at="2021-03-20T22:29:09 IST" name="startup" finished-at="2021-03-20T22:29:10 IST" duration-ms="641" status="PASS">
          <reporter-output>
          </reporter-output>
        </test-method> <!-- startup -->
        <test-method is-config="true" signature="beforeTest()[pri:0, instance:com.tests.serachproduct.SearchProductTests@6ac13091]" started-at="2021-03-20T22:29:10 IST" name="beforeTest" finished-at="2021-03-20T22:29:10 IST" duration-ms="0" status="PASS">
          <reporter-output>
          </reporter-output>
        </test-method> <!-- beforeTest -->
        <test-method is-config="true" signature="beforeClass()[pri:0, instance:com.tests.serachproduct.SearchProductTests@6ac13091]" started-at="2021-03-20T22:29:10 IST" name="beforeClass" finished-at="2021-03-20T22:29:10 IST" duration-ms="0" status="PASS">
          <reporter-output>
          </reporter-output>
        </test-method> <!-- beforeClass -->
        <test-method is-config="true" signature="beforeMethod()[pri:0, instance:com.tests.serachproduct.SearchProductTests@6ac13091]" started-at="2021-03-20T22:29:10 IST" name="beforeMethod" finished-at="2021-03-20T22:29:23 IST" duration-ms="12808" status="PASS">
          <reporter-output>
          </reporter-output>
        </test-method> <!-- beforeMethod -->
        <test-method signature="searchProductFieldTests()[pri:0, instance:com.tests.serachproduct.SearchProductTests@6ac13091]" started-at="2021-03-20T22:29:23 IST" name="searchProductFieldTests" finished-at="2021-03-20T22:29:42 IST" duration-ms="19611" status="PASS">
          <reporter-output>
          </reporter-output>
        </test-method> <!-- searchProductFieldTests -->
        <test-method is-config="true" signature="tearDown(org.testng.ITestResult)[pri:0, instance:com.tests.serachproduct.SearchProductTests@6ac13091]" started-at="2021-03-20T22:29:42 IST" name="tearDown" finished-at="2021-03-20T22:29:44 IST" duration-ms="1487" status="PASS">
          <params>
            <param index="0">
              <value>
                <![CDATA[[TestResult name=searchProductFieldTests status=SUCCESS method=SearchProductTests.searchProductFieldTests()[pri:0, instance:com.tests.serachproduct.SearchProductTests@6ac13091] output={null}]]]>
              </value>
            </param>
          </params>
          <reporter-output>
          </reporter-output>
        </test-method> <!-- tearDown -->
        <test-method is-config="true" signature="afterClass()[pri:0, instance:com.tests.serachproduct.SearchProductTests@6ac13091]" started-at="2021-03-20T22:29:44 IST" name="afterClass" finished-at="2021-03-20T22:29:44 IST" duration-ms="0" status="PASS">
          <reporter-output>
          </reporter-output>
        </test-method> <!-- afterClass -->
        <test-method is-config="true" signature="afterTest()[pri:0, instance:com.tests.serachproduct.SearchProductTests@6ac13091]" started-at="2021-03-20T22:29:44 IST" name="afterTest" finished-at="2021-03-20T22:29:44 IST" duration-ms="1" status="PASS">
          <reporter-output>
          </reporter-output>
        </test-method> <!-- afterTest -->
        <test-method is-config="true" signature="afterSuite()[pri:0, instance:com.tests.serachproduct.SearchProductTests@6ac13091]" started-at="2021-03-20T22:29:44 IST" name="afterSuite" finished-at="2021-03-20T22:29:44 IST" duration-ms="0" status="PASS">
          <reporter-output>
          </reporter-output>
        </test-method> <!-- afterSuite -->
      </class> <!-- com.tests.serachproduct.SearchProductTests -->
    </test> <!-- Default test -->
  </suite> <!-- Default suite -->
</testng-results>
